<?xml version="1.0" encoding="UTF-8"?>
<testng-results ignored="0" total="6" passed="6" failed="0" skipped="0">
  <reporter-output>
  </reporter-output>
  <suite started-at="2022-11-10T17:10:28 COT" name="Default suite" finished-at="2022-11-10T17:10:33 COT" duration-ms="5626">
    <groups>
    </groups>
    <test started-at="2022-11-10T17:10:28 COT" name="Default test" finished-at="2022-11-10T17:10:33 COT" duration-ms="5626">
      <class name="FunctionalTesting.GetAuto">
        <test-method is-config="true" signature="setUp()[pri:0, instance:FunctionalTesting.GetAuto@661972b0]" started-at="2022-11-10T17:10:28 COT" name="setUp" finished-at="2022-11-10T17:10:28 COT" duration-ms="624" status="PASS">
          <reporter-output>
          </reporter-output>
        </test-method> <!-- setUp -->
        <test-method is-config="true" signature="callRidesAPI()[pri:0, instance:FunctionalTesting.GetAuto@661972b0]" started-at="2022-11-10T17:10:28 COT" name="callRidesAPI" finished-at="2022-11-10T17:10:30 COT" duration-ms="2024" status="PASS">
          <reporter-output>
          </reporter-output>
        </test-method> <!-- callRidesAPI -->
        <test-method signature="checkAvatar()[pri:0, instance:FunctionalTesting.GetAuto@661972b0]" started-at="2022-11-10T17:10:30 COT" name="checkAvatar" finished-at="2022-11-10T17:10:32 COT" duration-ms="1279" status="PASS">
          <reporter-output>
          </reporter-output>
        </test-method> <!-- checkAvatar -->
        <test-method signature="checkEmail()[pri:0, instance:FunctionalTesting.GetAuto@661972b0]" started-at="2022-11-10T17:10:32 COT" name="checkEmail" finished-at="2022-11-10T17:10:32 COT" duration-ms="442" status="PASS">
          <reporter-output>
          </reporter-output>
        </test-method> <!-- checkEmail -->
        <test-method signature="checkId()[pri:0, instance:FunctionalTesting.GetAuto@661972b0]" started-at="2022-11-10T17:10:32 COT" name="checkId" finished-at="2022-11-10T17:10:32 COT" duration-ms="301" status="PASS">
          <reporter-output>
          </reporter-output>
        </test-method> <!-- checkId -->
        <test-method signature="checkLastName()[pri:0, instance:FunctionalTesting.GetAuto@661972b0]" started-at="2022-11-10T17:10:32 COT" name="checkLastName" finished-at="2022-11-10T17:10:33 COT" duration-ms="330" status="PASS">
          <reporter-output>
          </reporter-output>
        </test-method> <!-- checkLastName -->
        <test-method signature="checkfirstName()[pri:0, instance:FunctionalTesting.GetAuto@661972b0]" started-at="2022-11-10T17:10:33 COT" name="checkfirstName" finished-at="2022-11-10T17:10:33 COT" duration-ms="267" status="PASS">
          <reporter-output>
          </reporter-output>
        </test-method> <!-- checkfirstName -->
        <test-method signature="getAuto()[pri:0, instance:FunctionalTesting.GetAuto@661972b0]" started-at="2022-11-10T17:10:33 COT" name="getAuto" finished-at="2022-11-10T17:10:33 COT" duration-ms="265" status="PASS">
          <reporter-output>
          </reporter-output>
        </test-method> <!-- getAuto -->
      </class> <!-- FunctionalTesting.GetAuto -->
    </test> <!-- Default test -->
  </suite> <!-- Default suite -->
</testng-results>
