<?xml version="1.0" encoding="UTF-8"?>
<!-- Generated by org.testng.reporters.JUnitXMLReporter -->
<testsuite ignored="0" hostname="snail" failures="0" tests="6" name="Default test" time="5.626" errors="0" timestamp="2022-11-10T17:10:33 COT">
  <testcase classname="FunctionalTesting.GetAuto" name="checkAvatar" time="1.279"/>
  <testcase classname="FunctionalTesting.GetAuto" name="checkEmail" time="0.442"/>
  <testcase classname="FunctionalTesting.GetAuto" name="checkId" time="0.301"/>
  <testcase classname="FunctionalTesting.GetAuto" name="checkLastName" time="0.33"/>
  <testcase classname="FunctionalTesting.GetAuto" name="checkfirstName" time="0.267"/>
  <testcase classname="FunctionalTesting.GetAuto" name="getAuto" time="0.265"/>
</testsuite> <!-- Default test -->
